<?xml version="1.0" encoding="UTF-8"?>
<!-- Generated by org.testng.reporters.JUnitReportReporter -->
<testsuite skipped="0" hostname="AMD-HP-ENVY" name="com.iaai.tests.LoginPageTest" tests="1" failures="0" timestamp="2021-06-15T15:37:24 CDT" time="37.244" errors="0">
  <testcase name="testLogin" time="37.244" classname="com.iaai.tests.LoginPageTest"/>
  <system-out/>
</testsuite> <!-- com.iaai.tests.LoginPageTest -->
